ERROR: Realme já está desconectado
INFO: Realme conectando.
ERROR: Realme já está conectado
INFO: Realme desconectando
ERROR: Realme já está desconectado
INFO: Realme conectando.
ERROR: Realme já está conectado
INFO: Realme desconectando
ERROR: Realme já está desconectado
INFO: Realme conectando.
ERROR: Realme já está conectado
INFO: Realme desconectando
ERROR: Realme já está desconectado
ERROR: Realme está desligado
INFO: Realme conectando.
ERROR: Realme já está conectado
INFO: Realme desconectando
ERROR: Realme já está desconectado
ERROR: Realme está desligado
INFO: Realme conectando.
ERROR: Realme já está conectado
INFO: Realme desconectando
ERROR: Realme já está desconectado
ERROR: Realme está desligado
INFO: Realme conectando.
ERROR: Realme já está conectado
INFO: Realme desconectando
